c:\users\ywx1335067\source\repos\opengl\opengl\x64\debug\vc143.pdb
c:\users\ywx1335067\source\repos\opengl\opengl\x64\debug\vc143.idb
c:\users\ywx1335067\source\repos\opengl\opengl\x64\debug\glad.obj
c:\users\ywx1335067\source\repos\opengl\opengl\x64\debug\vbo.obj
c:\users\ywx1335067\source\repos\opengl\opengl\x64\debug\vao.obj
c:\users\ywx1335067\source\repos\opengl\opengl\x64\debug\shaderclass.obj
c:\users\ywx1335067\source\repos\opengl\opengl\x64\debug\main.obj
c:\users\ywx1335067\source\repos\opengl\opengl\x64\debug\ebo.obj
c:\users\ywx1335067\source\repos\opengl\opengl\x64\debug\texture.obj
c:\users\ywx1335067\source\repos\opengl\opengl\x64\debug\stb.obj
c:\users\ywx1335067\source\repos\opengl\x64\debug\opengl.exe
c:\users\ywx1335067\source\repos\opengl\x64\debug\opengl.pdb
c:\users\ywx1335067\source\repos\opengl\opengl\x64\debug\opengl.ilk
c:\users\ywx1335067\source\repos\opengl\opengl\x64\debug\opengl.tlog\cl.command.1.tlog
c:\users\ywx1335067\source\repos\opengl\opengl\x64\debug\opengl.tlog\cl.items.tlog
c:\users\ywx1335067\source\repos\opengl\opengl\x64\debug\opengl.tlog\cl.read.1.tlog
c:\users\ywx1335067\source\repos\opengl\opengl\x64\debug\opengl.tlog\cl.write.1.tlog
c:\users\ywx1335067\source\repos\opengl\opengl\x64\debug\opengl.tlog\link.command.1.tlog
c:\users\ywx1335067\source\repos\opengl\opengl\x64\debug\opengl.tlog\link.read.1.tlog
c:\users\ywx1335067\source\repos\opengl\opengl\x64\debug\opengl.tlog\link.secondary.1.tlog
c:\users\ywx1335067\source\repos\opengl\opengl\x64\debug\opengl.tlog\link.write.1.tlog
